<?xml version="1.0" encoding="UTF-8"?>
<testsuite name="sample.tomcat.multiconnector.SampleTomcatTwoConnectorsApplicationTests" time="0.035" tests="1" errors="1" skipped="0" failures="0">
  <properties>
    <property name="idea.version" value="15.0.3"/>
    <property name="java.runtime.name" value="Java(TM) SE Runtime Environment"/>
    <property name="sun.boot.library.path" value="C:\Java\jdk1.8.0_71\jre\bin"/>
    <property name="java.vm.version" value="25.71-b15"/>
    <property name="java.vm.vendor" value="Oracle Corporation"/>
    <property name="java.vendor.url" value="http://java.oracle.com/"/>
    <property name="path.separator" value=";"/>
    <property name="guice.disable.misplaced.annotation.check" value="true"/>
    <property name="java.vm.name" value="Java HotSpot(TM) 64-Bit Server VM"/>
    <property name="file.encoding.pkg" value="sun.io"/>
    <property name="idea.launcher.port" value="7532"/>
    <property name="user.script" value=""/>
    <property name="user.country" value="KR"/>
    <property name="sun.java.launcher" value="SUN_STANDARD"/>
    <property name="sun.os.patch.level" value=""/>
    <property name="java.vm.specification.name" value="Java Virtual Machine Specification"/>
    <property name="user.dir" value="E:\GithubWorkspace\JavaExamples\SpringBoot\spring-boot-sample-tomcat-multi-connectors"/>
    <property name="java.runtime.version" value="1.8.0_71-b15"/>
    <property name="java.awt.graphicsenv" value="sun.awt.Win32GraphicsEnvironment"/>
    <property name="java.endorsed.dirs" value="C:\Java\jdk1.8.0_71\jre\lib\endorsed"/>
    <property name="os.arch" value="amd64"/>
    <property name="java.io.tmpdir" value="C:\Users\kjs2013\AppData\Local\Temp\"/>
    <property name="line.separator" value="&#10;"/>
    <property name="java.vm.specification.vendor" value="Oracle Corporation"/>
    <property name="user.variant" value=""/>
    <property name="os.name" value="Windows 10"/>
    <property name="classworlds.conf" value="C:\Program Files (x86)\JetBrains\IntelliJ IDEA Community Edition 15.0.2\plugins\maven\lib\maven3\bin\m2.conf"/>
    <property name="sun.jnu.encoding" value="MS949"/>
    <property name="java.library.path" value="C:\Java\jdk1.8.0_71\bin;C:\Windows\Sun\Java\bin;C:\Windows\system32;C:\Windows;C:\ProgramData\Oracle\Java\javapath;C:\Python27\;C:\Python27\Scripts;C:\Program Files\ARM\Mali Developer Tools\Mali Graphics Debugger v3.1.0\gui\microsoft_redistributables;C:\Windows\system32;C:\Windows;C:\Windows\System32\Wbem;C:\Windows\System32\WindowsPowerShell\v1.0\;C:\Program Files (x86)\NVIDIA Corporation\PhysX\Common;C:\Program Files\TortoiseSVN\bin;C:\Program Files\TortoiseGit\bin;C:\Program Files (x86)\Windows Kits\10\Windows Performance Toolkit\;C:\Program Files\Microsoft SQL Server\110\Tools\Binn\;H:\sdk\android-sdk-windows\platform-tools;C:\Program Files\Microsoft SQL Server\120\Tools\Binn\;C:\Program Files (x86)\Xoreax\IncrediBuild;C:\Windows\system32\config\systemprofile\.dnx\bin;C:\Program Files\Microsoft DNX\Dnvm\;C:\Program Files (x86)\nodejs\;C:\Program Files\Git\cmd;C:\Program Files\Git\mingw64\bin;C:\Program Files\Git\usr\bin;C:\Program Files (x86)\WinMerge;C:\Program Files (x86)\NVIDIA Corporation\Cg\bin;C:\Program Files (x86)\NVIDIA Corporation\Cg\bin.x64;C:\Program Files (x86)\CMake\bin;C:\Program Files (x86)\Graphviz 2.28\bin;C:\Program Files (x86)\GtkSharp\2.12\bin;C:\Program Files\TortoiseHg\;C:\Program Files (x86)\Fuse\;C:\Go\bin;C:\Scala\bin;H:\tools\apache-maven-3.2.1-bin\apache-maven-3.2.1\bin;C:\NVPACK\android-sdk-windows\extras\android\support-tools;C:\\NVPACK\\android-sdk-windows\\build-tools;C:\NVPACK\android-sdk-windows\platform-tools;C:\NVPACK\android-sdk-windows\tools;C:\NVPACK\gradle-2.2.1\bin;C:\NVPACK\apache-ant-1.8.2\bin;C:\NVPACK\jdk1.7.0_71\bin;C:\NVPACK\android-ndk-r10e;C:\NVPACK\android-sdk-windows\tools;C:\Program Files\Bandizip\7z;C:\Users\kjs2013\AppData\Local\atom\bin;C:\Program Files (x86)\Microsoft VS Code\bin;C:\Users\kjs2013\AppData\Roaming\npm;C:\Program Files\ARM\Mali Developer Tools\Mali OpenGL ES Emulator 2.2.1&#13;&#13;&#13;&#13;&#13;&#13;&#13;;."/>
    <property name="java.specification.name" value="Java Platform API Specification"/>
    <property name="java.class.version" value="52.0"/>
    <property name="sun.management.compiler" value="HotSpot 64-Bit Tiered Compilers"/>
    <property name="os.version" value="10.0"/>
    <property name="user.home" value="C:\Users\kjs2013"/>
    <property name="user.timezone" value="Asia/Seoul"/>
    <property name="java.awt.printerjob" value="sun.awt.windows.WPrinterJob"/>
    <property name="java.specification.version" value="1.8"/>
    <property name="idea.launcher.bin.path" value="C:\Program Files (x86)\JetBrains\IntelliJ IDEA Community Edition 15.0.2\bin"/>
    <property name="file.encoding" value="UTF-8"/>
    <property name="user.name" value="kjs2013"/>
    <property name="java.class.path" value="C:\Program Files (x86)\JetBrains\IntelliJ IDEA Community Edition 15.0.2\plugins\maven\lib\maven3\boot\plexus-classworlds-2.4.jar;C:\Program Files (x86)\JetBrains\IntelliJ IDEA Community Edition 15.0.2\lib\idea_rt.jar"/>
    <property name="java.vm.specification.version" value="1.8"/>
    <property name="sun.arch.data.model" value="64"/>
    <property name="java.home" value="C:\Java\jdk1.8.0_71\jre"/>
    <property name="sun.java.command" value="com.intellij.rt.execution.application.AppMain org.codehaus.classworlds.Launcher -Didea.version=15.0.3 package"/>
    <property name="java.specification.vendor" value="Oracle Corporation"/>
    <property name="user.language" value="ko"/>
    <property name="awt.toolkit" value="sun.awt.windows.WToolkit"/>
    <property name="java.vm.info" value="mixed mode"/>
    <property name="java.version" value="1.8.0_71"/>
    <property name="java.ext.dirs" value="C:\Java\jdk1.8.0_71\jre\lib\ext;C:\Windows\Sun\Java\lib\ext"/>
    <property name="sun.boot.class.path" value="C:\Java\jdk1.8.0_71\jre\lib\resources.jar;C:\Java\jdk1.8.0_71\jre\lib\rt.jar;C:\Java\jdk1.8.0_71\jre\lib\sunrsasign.jar;C:\Java\jdk1.8.0_71\jre\lib\jsse.jar;C:\Java\jdk1.8.0_71\jre\lib\jce.jar;C:\Java\jdk1.8.0_71\jre\lib\charsets.jar;C:\Java\jdk1.8.0_71\jre\lib\jfr.jar;C:\Java\jdk1.8.0_71\jre\classes"/>
    <property name="java.vendor" value="Oracle Corporation"/>
    <property name="maven.home" value="C:\Program Files (x86)\JetBrains\IntelliJ IDEA Community Edition 15.0.2\plugins\maven\lib\maven3"/>
    <property name="file.separator" value="\"/>
    <property name="java.vendor.url.bug" value="http://bugreport.sun.com/bugreport/"/>
    <property name="sun.cpu.endian" value="little"/>
    <property name="sun.io.unicode.encoding" value="UnicodeLittle"/>
    <property name="sun.desktop" value="windows"/>
    <property name="sun.cpu.isalist" value="amd64"/>
  </properties>
  <testcase name="testHello" classname="sample.tomcat.multiconnector.SampleTomcatTwoConnectorsApplicationTests" time="0.035">
    <error message="sun.net.www.protocol.http.HttpURLConnection cannot be cast to javax.net.ssl.HttpsURLConnection" type="java.lang.ClassCastException">java.lang.ClassCastException: sun.net.www.protocol.http.HttpURLConnection cannot be cast to javax.net.ssl.HttpsURLConnection
	at sample.tomcat.multiconnector.SampleTomcatTwoConnectorsApplicationTests$MySimpleClientHttpRequestFactory.prepareConnection(SampleTomcatTwoConnectorsApplicationTests.java:108)
	at org.springframework.http.client.SimpleClientHttpRequestFactory.createRequest(SimpleClientHttpRequestFactory.java:138)
	at org.springframework.http.client.support.HttpAccessor.createRequest(HttpAccessor.java:77)
	at org.springframework.web.client.RestTemplate.doExecute(RestTemplate.java:592)
	at org.springframework.web.client.RestTemplate.execute(RestTemplate.java:557)
	at org.springframework.web.client.RestTemplate.getForEntity(RestTemplate.java:289)
	at sample.tomcat.multiconnector.SampleTomcatTwoConnectorsApplicationTests.testHello(SampleTomcatTwoConnectorsApplicationTests.java:84)
</error>
    <system-out><![CDATA[12:07:46.406 [main] DEBUG o.s.t.c.j.SpringJUnit4ClassRunner - SpringJUnit4ClassRunner constructor called with [class sample.tomcat.multiconnector.SampleTomcatTwoConnectorsApplicationTests]
12:07:46.412 [main] DEBUG o.s.test.context.BootstrapUtils - Instantiating CacheAwareContextLoaderDelegate from class [org.springframework.test.context.cache.DefaultCacheAwareContextLoaderDelegate]
12:07:46.416 [main] DEBUG o.s.test.context.BootstrapUtils - Instantiating BootstrapContext using constructor [public org.springframework.test.context.support.DefaultBootstrapContext(java.lang.Class,org.springframework.test.context.CacheAwareContextLoaderDelegate)]
12:07:46.427 [main] DEBUG o.s.test.context.BootstrapUtils - Instantiating TestContextBootstrapper for test class [sample.tomcat.multiconnector.SampleTomcatTwoConnectorsApplicationTests] from class [org.springframework.boot.test.WebAppIntegrationTestContextBootstrapper]
12:07:46.447 [main] DEBUG o.s.b.t.WebAppIntegrationTestContextBootstrapper - Found explicit ContextLoader class [org.springframework.boot.test.SpringApplicationContextLoader] for context configuration attributes [ContextConfigurationAttributes@66480dd7 declaringClass = 'sample.tomcat.multiconnector.SampleTomcatTwoConnectorsApplicationTests', classes = '{class sample.tomcat.multiconnector.SampleTomcatTwoConnectorsApplication}', locations = '{}', inheritLocations = true, initializers = '{}', inheritInitializers = true, name = [null], contextLoaderClass = 'org.springframework.boot.test.SpringApplicationContextLoader']
12:07:46.454 [main] DEBUG o.s.t.c.s.AbstractContextLoader - Did not detect default resource location for test class [sample.tomcat.multiconnector.SampleTomcatTwoConnectorsApplicationTests]: class path resource [sample/tomcat/multiconnector/SampleTomcatTwoConnectorsApplicationTests-context.xml] does not exist
12:07:46.454 [main] DEBUG o.s.t.c.s.AbstractContextLoader - Did not detect default resource location for test class [sample.tomcat.multiconnector.SampleTomcatTwoConnectorsApplicationTests]: class path resource [sample/tomcat/multiconnector/SampleTomcatTwoConnectorsApplicationTestsContext.groovy] does not exist
12:07:46.455 [main] INFO  o.s.t.c.s.AbstractContextLoader - Could not detect default resource locations for test class [sample.tomcat.multiconnector.SampleTomcatTwoConnectorsApplicationTests]: no resource found for suffixes {-context.xml, Context.groovy}.
12:07:46.457 [main] DEBUG o.s.t.c.support.ActiveProfilesUtils - Could not find an 'annotation declaring class' for annotation type [org.springframework.test.context.ActiveProfiles] and class [sample.tomcat.multiconnector.SampleTomcatTwoConnectorsApplicationTests]
12:07:46.462 [main] DEBUG o.s.test.util.ReflectionTestUtils - Setting field 'propertySourceProperties' of type [null] on target object [[WebMergedContextConfiguration@61f8bee4 testClass = SampleTomcatTwoConnectorsApplicationTests, locations = '{}', classes = '{class sample.tomcat.multiconnector.SampleTomcatTwoConnectorsApplication}', contextInitializerClasses = '[]', activeProfiles = '{}', propertySourceLocations = '{}', propertySourceProperties = '{}', resourceBasePath = '', contextLoader = 'org.springframework.boot.test.SpringApplicationContextLoader', parent = [null]]] or target class [class org.springframework.test.context.web.WebMergedContextConfiguration] to value [[Ljava.lang.String;@7b49cea0]
12:07:46.463 [main] DEBUG o.s.b.t.WebAppIntegrationTestContextBootstrapper - @TestExecutionListeners is not present for class [sample.tomcat.multiconnector.SampleTomcatTwoConnectorsApplicationTests]: using defaults.
12:07:46.470 [main] INFO  o.s.b.t.WebAppIntegrationTestContextBootstrapper - Loaded default TestExecutionListener class names from location [META-INF/spring.factories]: [org.springframework.test.context.web.ServletTestExecutionListener, org.springframework.test.context.support.DirtiesContextBeforeModesTestExecutionListener, org.springframework.test.context.support.DependencyInjectionTestExecutionListener, org.springframework.test.context.support.DirtiesContextTestExecutionListener, org.springframework.test.context.transaction.TransactionalTestExecutionListener, org.springframework.test.context.jdbc.SqlScriptsTestExecutionListener]
12:07:46.474 [main] INFO  o.s.b.t.WebAppIntegrationTestContextBootstrapper - Could not instantiate TestExecutionListener [org.springframework.test.context.jdbc.SqlScriptsTestExecutionListener]. Specify custom listener classes or make the default listener classes (and their required dependencies) available. Offending class: [org/springframework/transaction/interceptor/TransactionAttribute]
12:07:46.476 [main] INFO  o.s.b.t.WebAppIntegrationTestContextBootstrapper - Could not instantiate TestExecutionListener [org.springframework.test.context.transaction.TransactionalTestExecutionListener]. Specify custom listener classes or make the default listener classes (and their required dependencies) available. Offending class: [org/springframework/transaction/interceptor/TransactionAttributeSource]
12:07:46.480 [main] INFO  o.s.b.t.WebAppIntegrationTestContextBootstrapper - Using TestExecutionListeners: [org.springframework.test.context.web.ServletTestExecutionListener@1f7030a6, org.springframework.test.context.support.DirtiesContextBeforeModesTestExecutionListener@5a1c0542, org.springframework.test.context.support.DependencyInjectionTestExecutionListener@396f6598, org.springframework.test.context.support.DirtiesContextTestExecutionListener@394e1a0f]
12:07:46.483 [main] DEBUG o.s.t.annotation.ProfileValueUtils - Retrieved @ProfileValueSourceConfiguration [null] for test class [sample.tomcat.multiconnector.SampleTomcatTwoConnectorsApplicationTests]
12:07:46.484 [main] DEBUG o.s.t.annotation.ProfileValueUtils - Retrieved ProfileValueSource type [class org.springframework.test.annotation.SystemProfileValueSource] for class [sample.tomcat.multiconnector.SampleTomcatTwoConnectorsApplicationTests]
12:07:46.486 [main] DEBUG o.s.t.c.j.SpringJUnit4ClassRunner - SpringJUnit4ClassRunner constructor called with [class sample.tomcat.multiconnector.SampleTomcatTwoConnectorsApplicationTests]
12:07:46.486 [main] DEBUG o.s.test.context.BootstrapUtils - Instantiating CacheAwareContextLoaderDelegate from class [org.springframework.test.context.cache.DefaultCacheAwareContextLoaderDelegate]
12:07:46.487 [main] DEBUG o.s.test.context.BootstrapUtils - Instantiating BootstrapContext using constructor [public org.springframework.test.context.support.DefaultBootstrapContext(java.lang.Class,org.springframework.test.context.CacheAwareContextLoaderDelegate)]
12:07:46.487 [main] DEBUG o.s.test.context.BootstrapUtils - Instantiating TestContextBootstrapper for test class [sample.tomcat.multiconnector.SampleTomcatTwoConnectorsApplicationTests] from class [org.springframework.boot.test.WebAppIntegrationTestContextBootstrapper]
12:07:46.489 [main] DEBUG o.s.b.t.WebAppIntegrationTestContextBootstrapper - Found explicit ContextLoader class [org.springframework.boot.test.SpringApplicationContextLoader] for context configuration attributes [ContextConfigurationAttributes@59e5ddf declaringClass = 'sample.tomcat.multiconnector.SampleTomcatTwoConnectorsApplicationTests', classes = '{class sample.tomcat.multiconnector.SampleTomcatTwoConnectorsApplication}', locations = '{}', inheritLocations = true, initializers = '{}', inheritInitializers = true, name = [null], contextLoaderClass = 'org.springframework.boot.test.SpringApplicationContextLoader']
12:07:46.489 [main] DEBUG o.s.t.c.s.AbstractContextLoader - Did not detect default resource location for test class [sample.tomcat.multiconnector.SampleTomcatTwoConnectorsApplicationTests]: class path resource [sample/tomcat/multiconnector/SampleTomcatTwoConnectorsApplicationTests-context.xml] does not exist
12:07:46.490 [main] DEBUG o.s.t.c.s.AbstractContextLoader - Did not detect default resource location for test class [sample.tomcat.multiconnector.SampleTomcatTwoConnectorsApplicationTests]: class path resource [sample/tomcat/multiconnector/SampleTomcatTwoConnectorsApplicationTestsContext.groovy] does not exist
12:07:46.490 [main] INFO  o.s.t.c.s.AbstractContextLoader - Could not detect default resource locations for test class [sample.tomcat.multiconnector.SampleTomcatTwoConnectorsApplicationTests]: no resource found for suffixes {-context.xml, Context.groovy}.
12:07:46.490 [main] DEBUG o.s.t.c.support.ActiveProfilesUtils - Could not find an 'annotation declaring class' for annotation type [org.springframework.test.context.ActiveProfiles] and class [sample.tomcat.multiconnector.SampleTomcatTwoConnectorsApplicationTests]
12:07:46.491 [main] DEBUG o.s.test.util.ReflectionTestUtils - Setting field 'propertySourceProperties' of type [null] on target object [[WebMergedContextConfiguration@536aaa8d testClass = SampleTomcatTwoConnectorsApplicationTests, locations = '{}', classes = '{class sample.tomcat.multiconnector.SampleTomcatTwoConnectorsApplication}', contextInitializerClasses = '[]', activeProfiles = '{}', propertySourceLocations = '{}', propertySourceProperties = '{}', resourceBasePath = '', contextLoader = 'org.springframework.boot.test.SpringApplicationContextLoader', parent = [null]]] or target class [class org.springframework.test.context.web.WebMergedContextConfiguration] to value [[Ljava.lang.String;@e320068]
12:07:46.491 [main] DEBUG o.s.b.t.WebAppIntegrationTestContextBootstrapper - @TestExecutionListeners is not present for class [sample.tomcat.multiconnector.SampleTomcatTwoConnectorsApplicationTests]: using defaults.
12:07:46.493 [main] INFO  o.s.b.t.WebAppIntegrationTestContextBootstrapper - Loaded default TestExecutionListener class names from location [META-INF/spring.factories]: [org.springframework.test.context.web.ServletTestExecutionListener, org.springframework.test.context.support.DirtiesContextBeforeModesTestExecutionListener, org.springframework.test.context.support.DependencyInjectionTestExecutionListener, org.springframework.test.context.support.DirtiesContextTestExecutionListener, org.springframework.test.context.transaction.TransactionalTestExecutionListener, org.springframework.test.context.jdbc.SqlScriptsTestExecutionListener]
12:07:46.494 [main] INFO  o.s.b.t.WebAppIntegrationTestContextBootstrapper - Could not instantiate TestExecutionListener [org.springframework.test.context.jdbc.SqlScriptsTestExecutionListener]. Specify custom listener classes or make the default listener classes (and their required dependencies) available. Offending class: [org/springframework/transaction/interceptor/TransactionAttribute]
12:07:46.495 [main] INFO  o.s.b.t.WebAppIntegrationTestContextBootstrapper - Could not instantiate TestExecutionListener [org.springframework.test.context.transaction.TransactionalTestExecutionListener]. Specify custom listener classes or make the default listener classes (and their required dependencies) available. Offending class: [org/springframework/transaction/interceptor/TransactionAttributeSource]
12:07:46.495 [main] INFO  o.s.b.t.WebAppIntegrationTestContextBootstrapper - Using TestExecutionListeners: [org.springframework.test.context.web.ServletTestExecutionListener@34cd072c, org.springframework.test.context.support.DirtiesContextBeforeModesTestExecutionListener@7a1ebcd8, org.springframework.test.context.support.DependencyInjectionTestExecutionListener@5faeada1, org.springframework.test.context.support.DirtiesContextTestExecutionListener@528931cf]
12:07:46.495 [main] DEBUG o.s.t.annotation.ProfileValueUtils - Retrieved @ProfileValueSourceConfiguration [null] for test class [sample.tomcat.multiconnector.SampleTomcatTwoConnectorsApplicationTests]
12:07:46.495 [main] DEBUG o.s.t.annotation.ProfileValueUtils - Retrieved ProfileValueSource type [class org.springframework.test.annotation.SystemProfileValueSource] for class [sample.tomcat.multiconnector.SampleTomcatTwoConnectorsApplicationTests]
12:07:46.496 [main] DEBUG o.s.t.annotation.ProfileValueUtils - Retrieved @ProfileValueSourceConfiguration [null] for test class [sample.tomcat.multiconnector.SampleTomcatTwoConnectorsApplicationTests]
12:07:46.496 [main] DEBUG o.s.t.annotation.ProfileValueUtils - Retrieved ProfileValueSource type [class org.springframework.test.annotation.SystemProfileValueSource] for class [sample.tomcat.multiconnector.SampleTomcatTwoConnectorsApplicationTests]
12:07:46.499 [main] DEBUG o.s.t.c.s.AbstractDirtiesContextTestExecutionListener - Before test class: context [DefaultTestContext@34c4973 testClass = SampleTomcatTwoConnectorsApplicationTests, testInstance = [null], testMethod = [null], testException = [null], mergedContextConfiguration = [WebMergedContextConfiguration@536aaa8d testClass = SampleTomcatTwoConnectorsApplicationTests, locations = '{}', classes = '{class sample.tomcat.multiconnector.SampleTomcatTwoConnectorsApplication}', contextInitializerClasses = '[]', activeProfiles = '{}', propertySourceLocations = '{}', propertySourceProperties = '{server.port:0, org.springframework.boot.test.IntegrationTest=true}', resourceBasePath = '', contextLoader = 'org.springframework.boot.test.SpringApplicationContextLoader', parent = [null]]], class annotated with @DirtiesContext [true] with mode [AFTER_CLASS].
12:07:46.835 [main] DEBUG o.s.t.annotation.ProfileValueUtils - Retrieved @ProfileValueSourceConfiguration [null] for test class [sample.tomcat.multiconnector.SampleTomcatTwoConnectorsApplicationTests]
12:07:46.835 [main] DEBUG o.s.t.annotation.ProfileValueUtils - Retrieved ProfileValueSource type [class org.springframework.test.annotation.SystemProfileValueSource] for class [sample.tomcat.multiconnector.SampleTomcatTwoConnectorsApplicationTests]
12:07:46.838 [main] DEBUG o.s.t.c.s.DependencyInjectionTestExecutionListener - Performing dependency injection for test context [[DefaultTestContext@34c4973 testClass = SampleTomcatTwoConnectorsApplicationTests, testInstance = sample.tomcat.multiconnector.SampleTomcatTwoConnectorsApplicationTests@1786f9d5, testMethod = [null], testException = [null], mergedContextConfiguration = [WebMergedContextConfiguration@536aaa8d testClass = SampleTomcatTwoConnectorsApplicationTests, locations = '{}', classes = '{class sample.tomcat.multiconnector.SampleTomcatTwoConnectorsApplication}', contextInitializerClasses = '[]', activeProfiles = '{}', propertySourceLocations = '{}', propertySourceProperties = '{server.port:0, org.springframework.boot.test.IntegrationTest=true}', resourceBasePath = '', contextLoader = 'org.springframework.boot.test.SpringApplicationContextLoader', parent = [null]]]].
12:07:46.901 [main] DEBUG o.s.core.env.StandardEnvironment - Adding [systemProperties] PropertySource with lowest search precedence
12:07:46.902 [main] DEBUG o.s.core.env.StandardEnvironment - Adding [systemEnvironment] PropertySource with lowest search precedence
12:07:46.903 [main] DEBUG o.s.core.env.StandardEnvironment - Initialized StandardEnvironment with PropertySources [systemProperties,systemEnvironment]
12:07:46.904 [main] DEBUG o.s.core.env.StandardEnvironment - Adding [integrationTest] PropertySource with search precedence immediately lower than [systemEnvironment]

  .   ____          _            __ _ _
 /\\ / ___'_ __ _ _(_)_ __  __ _ \ \ \ \
( ( )\___ | '_ | '_| | '_ \/ _` | \ \ \ \
 \\/  ___)| |_)| | | | | || (_| |  ) ) ) )
  '  |____| .__|_| |_|_| |_\__, | / / / /
 =========|_|==============|___/=/_/_/_/
 :: Spring Boot ::  (v1.4.0.BUILD-SNAPSHOT)

2016-02-11 12:07:47.223  INFO 2336 --- [           main] ampleTomcatTwoConnectorsApplicationTests : Starting SampleTomcatTwoConnectorsApplicationTests on GMS-kjs2013 with PID 2336 (E:\GithubWorkspace\JavaExamples\SpringBoot\spring-boot-sample-tomcat-multi-connectors\target\test-classes started by kjs2013 in E:\GithubWorkspace\JavaExamples\SpringBoot\spring-boot-sample-tomcat-multi-connectors)
2016-02-11 12:07:47.223  INFO 2336 --- [           main] ampleTomcatTwoConnectorsApplicationTests : No active profile set, falling back to default profiles: default
2016-02-11 12:07:47.269  INFO 2336 --- [           main] ationConfigEmbeddedWebApplicationContext : Refreshing org.springframework.boot.context.embedded.AnnotationConfigEmbeddedWebApplicationContext@1a482e36: startup date [Thu Feb 11 12:07:47 KST 2016]; root of context hierarchy
2016-02-11 12:07:47.801  INFO 2336 --- [           main] o.s.b.f.s.DefaultListableBeanFactory     : Overriding bean definition for bean 'beanNameViewResolver' with a different definition: replacing [Root bean: class [null]; scope=; abstract=false; lazyInit=false; autowireMode=3; dependencyCheck=0; autowireCandidate=true; primary=false; factoryBeanName=org.springframework.boot.autoconfigure.web.ErrorMvcAutoConfiguration$WhitelabelErrorViewConfiguration; factoryMethodName=beanNameViewResolver; initMethodName=null; destroyMethodName=(inferred); defined in class path resource [org/springframework/boot/autoconfigure/web/ErrorMvcAutoConfiguration$WhitelabelErrorViewConfiguration.class]] with [Root bean: class [null]; scope=; abstract=false; lazyInit=false; autowireMode=3; dependencyCheck=0; autowireCandidate=true; primary=false; factoryBeanName=org.springframework.boot.autoconfigure.web.WebMvcAutoConfiguration$WebMvcAutoConfigurationAdapter; factoryMethodName=beanNameViewResolver; initMethodName=null; destroyMethodName=(inferred); defined in class path resource [org/springframework/boot/autoconfigure/web/WebMvcAutoConfiguration$WebMvcAutoConfigurationAdapter.class]]
2016-02-11 12:07:48.252  INFO 2336 --- [           main] s.b.c.e.t.TomcatEmbeddedServletContainer : Tomcat initialized with port(s): 0 (https) 40367 (http)
2016-02-11 12:07:48.263  INFO 2336 --- [           main] o.apache.catalina.core.StandardService   : Starting service Tomcat
2016-02-11 12:07:48.264  INFO 2336 --- [           main] org.apache.catalina.core.StandardEngine  : Starting Servlet Engine: Apache Tomcat/8.0.30
2016-02-11 12:07:48.370  INFO 2336 --- [ost-startStop-1] o.a.c.c.C.[Tomcat].[localhost].[/]       : Initializing Spring embedded WebApplicationContext
2016-02-11 12:07:48.370  INFO 2336 --- [ost-startStop-1] o.s.web.context.ContextLoader            : Root WebApplicationContext: initialization completed in 1104 ms
2016-02-11 12:07:48.550  INFO 2336 --- [ost-startStop-1] o.s.b.c.e.ServletRegistrationBean        : Mapping servlet: 'dispatcherServlet' to [/]
2016-02-11 12:07:48.554  INFO 2336 --- [ost-startStop-1] o.s.b.c.embedded.FilterRegistrationBean  : Mapping filter: 'characterEncodingFilter' to: [/*]
2016-02-11 12:07:48.554  INFO 2336 --- [ost-startStop-1] o.s.b.c.embedded.FilterRegistrationBean  : Mapping filter: 'hiddenHttpMethodFilter' to: [/*]
2016-02-11 12:07:48.554  INFO 2336 --- [ost-startStop-1] o.s.b.c.embedded.FilterRegistrationBean  : Mapping filter: 'httpPutFormContentFilter' to: [/*]
2016-02-11 12:07:48.554  INFO 2336 --- [ost-startStop-1] o.s.b.c.embedded.FilterRegistrationBean  : Mapping filter: 'requestContextFilter' to: [/*]
2016-02-11 12:07:48.731  INFO 2336 --- [           main] s.w.s.m.m.a.RequestMappingHandlerAdapter : Looking for @ControllerAdvice: org.springframework.boot.context.embedded.AnnotationConfigEmbeddedWebApplicationContext@1a482e36: startup date [Thu Feb 11 12:07:47 KST 2016]; root of context hierarchy
2016-02-11 12:07:48.793  INFO 2336 --- [           main] s.w.s.m.m.a.RequestMappingHandlerMapping : Mapped "{[/hello]}" onto public java.lang.String sample.tomcat.multiconnector.web.SampleController.helloWorld()
2016-02-11 12:07:48.795  INFO 2336 --- [           main] s.w.s.m.m.a.RequestMappingHandlerMapping : Mapped "{[/error]}" onto public org.springframework.http.ResponseEntity<java.util.Map<java.lang.String, java.lang.Object>> org.springframework.boot.autoconfigure.web.BasicErrorController.error(javax.servlet.http.HttpServletRequest)
2016-02-11 12:07:48.796  INFO 2336 --- [           main] s.w.s.m.m.a.RequestMappingHandlerMapping : Mapped "{[/error],produces=[text/html]}" onto public org.springframework.web.servlet.ModelAndView org.springframework.boot.autoconfigure.web.BasicErrorController.errorHtml(javax.servlet.http.HttpServletRequest,javax.servlet.http.HttpServletResponse)
2016-02-11 12:07:48.821  INFO 2336 --- [           main] o.s.w.s.handler.SimpleUrlHandlerMapping  : Mapped URL path [/webjars/**] onto handler of type [class org.springframework.web.servlet.resource.ResourceHttpRequestHandler]
2016-02-11 12:07:48.821  INFO 2336 --- [           main] o.s.w.s.handler.SimpleUrlHandlerMapping  : Mapped URL path [/**] onto handler of type [class org.springframework.web.servlet.resource.ResourceHttpRequestHandler]
2016-02-11 12:07:48.855  INFO 2336 --- [           main] o.s.w.s.handler.SimpleUrlHandlerMapping  : Mapped URL path [/**/favicon.ico] onto handler of type [class org.springframework.web.servlet.resource.ResourceHttpRequestHandler]
2016-02-11 12:07:49.214  INFO 2336 --- [           main] s.b.c.e.t.TomcatEmbeddedServletContainer : Tomcat started on port(s): 53978 (https) 40367 (http)
2016-02-11 12:07:49.219  INFO 2336 --- [           main] ampleTomcatTwoConnectorsApplicationTests : Started SampleTomcatTwoConnectorsApplicationTests in 2.31 seconds (JVM running for 3.215)
]]></system-out>
  </testcase>
</testsuite>